<?xml version="1.0" encoding="UTF-8"?>
<!-- Generated by org.testng.reporters.JUnitReportReporter -->
<testsuite hostname="javagirl" failures="0" tests="1" name="org.example.AppTest" time="0.012" errors="0" timestamp="2023-02-17T14:11:10 BRT" skipped="0">
  <testcase classname="org.example.AppTest" name="testApp" time="0.012"/>
  <system-out/>
</testsuite> <!-- org.example.AppTest -->
